GROUP,PACKAGE,CLASS,INSTRUCTION_MISSED,INSTRUCTION_COVERED,BRANCH_MISSED,BRANCH_COVERED,LINE_MISSED,LINE_COVERED,COMPLEXITY_MISSED,COMPLEXITY_COVERED,METHOD_MISSED,METHOD_COVERED
ExpenseOptimizer,ocado,Main,136,0,14,0,43,0,9,0,2,0
ExpenseOptimizer,ocado.utils,OptimizerUtils,4,184,1,21,1,29,1,23,0,13
ExpenseOptimizer,ocado.utils,JsonProcessor.new TypeReference() {...},0,3,0,0,0,1,0,1,0,1
ExpenseOptimizer,ocado.utils,JsonProcessor.new TypeReference() {...},0,3,0,0,0,1,0,1,0,1
ExpenseOptimizer,ocado.utils,JsonProcessor,3,146,0,20,1,27,1,13,1,3
ExpenseOptimizer,ocado.optimization,ExpenseOptimizer,153,321,25,33,31,62,20,14,1,4
ExpenseOptimizer,ocado.model,Order,0,21,0,0,0,5,0,2,0,2
ExpenseOptimizer,ocado.model,PaymentMethod,15,84,0,10,5,20,2,10,2,5
